<?xml version="1.0" encoding="UTF-8"?><testsuite errors="1" failures="0" name=": Consultar tarifas de Cuentas de Depósitos" skipped="0" tests="1" time="10.07" timestamp="2021-04-20 12:39:54"><testcase name="Consulta exitosa del archivo con tarifas para cuentas depositos"><error message="The following error occurred: element click intercepted: Element is not clickable at point (490, 937)&#10;  (Session info: chrome=90.0.4430.72)&#10;Build info: version: '3.11.0', revision: 'e59cfb3', time: '2018-03-11T20:26:55.152Z'&#10;System info: host: 'LAPTOP-H41EU6T9', ip: '192.168.0.3', os.name: 'Windows 10', os.arch: 'amd64', os.version: '10.0', java.version: '1.8.0_281'&#10;Driver info: org.openqa.selenium.chrome.ChromeDriver&#10;Capabilities {acceptInsecureCerts: false, browserName: chrome, browserVersion: 90.0.4430.72, chrome: {chromedriverVersion: 90.0.4430.24 (4c6d850f087da..., userDataDir: C:\Users\jurge\AppData\Loca...}, goog:chromeOptions: {debuggerAddress: localhost:51606}, javascriptEnabled: true, networkConnectionEnabled: false, pageLoadStrategy: normal, platform: WINDOWS, platformName: WINDOWS, proxy: Proxy(), setWindowRect: true, strictFileInteractability: false, timeouts: {implicit: 0, pageLoad: 300000, script: 30000}, unhandledPromptBehavior: dismiss and notify, webauthn:extension:largeBlob: true, webauthn:virtualAuthenticators: true}&#10;Session ID: 3e7f38f88e03edb4cb4710ce6448ebcd" type="org.openqa.selenium.ElementClickInterceptedException">The following error occurred: element click intercepted: Element is not clickable at point (490, 937)
  (Session info: chrome=90.0.4430.72)
Build info: version: '3.11.0', revision: 'e59cfb3', time: '2018-03-11T20:26:55.152Z'
System info: host: 'LAPTOP-H41EU6T9', ip: '192.168.0.3', os.name: 'Windows 10', os.arch: 'amd64', os.version: '10.0', java.version: '1.8.0_281'
Driver info: org.openqa.selenium.chrome.ChromeDriver
Capabilities {acceptInsecureCerts: false, browserName: chrome, browserVersion: 90.0.4430.72, chrome: {chromedriverVersion: 90.0.4430.24 (4c6d850f087da..., userDataDir: C:\Users\jurge\AppData\Loca...}, goog:chromeOptions: {debuggerAddress: localhost:51606}, javascriptEnabled: true, networkConnectionEnabled: false, pageLoadStrategy: normal, platform: WINDOWS, platformName: WINDOWS, proxy: Proxy(), setWindowRect: true, strictFileInteractability: false, timeouts: {implicit: 0, pageLoad: 300000, script: 30000}, unhandledPromptBehavior: dismiss and notify, webauthn:extension:largeBlob: true, webauthn:virtualAuthenticators: true}
Session ID: 3e7f38f88e03edb4cb4710ce6448ebcd</error><system-err>The following error occurred: element click intercepted: Element is not clickable at point (490, 937)
  (Session info: chrome=90.0.4430.72)
Build info: version: '3.11.0', revision: 'e59cfb3', time: '2018-03-11T20:26:55.152Z'
System info: host: 'LAPTOP-H41EU6T9', ip: '192.168.0.3', os.name: 'Windows 10', os.arch: 'amd64', os.version: '10.0', java.version: '1.8.0_281'
Driver info: org.openqa.selenium.chrome.ChromeDriver
Capabilities {acceptInsecureCerts: false, browserName: chrome, browserVersion: 90.0.4430.72, chrome: {chromedriverVersion: 90.0.4430.24 (4c6d850f087da..., userDataDir: C:\Users\jurge\AppData\Loca...}, goog:chromeOptions: {debuggerAddress: localhost:51606}, javascriptEnabled: true, networkConnectionEnabled: false, pageLoadStrategy: normal, platform: WINDOWS, platformName: WINDOWS, proxy: Proxy(), setWindowRect: true, strictFileInteractability: false, timeouts: {implicit: 0, pageLoad: 300000, script: 30000}, unhandledPromptBehavior: dismiss and notify, webauthn:extension:largeBlob: true, webauthn:virtualAuthenticators: true}
Session ID: 3e7f38f88e03edb4cb4710ce6448ebcd&#13;
com.prueba.certificacion.interactions.IngresarAlaOpcion.performAs(IngresarAlaOpcion.java:30)&#13;
com.prueba.certificacion.tasks.UbicarseEn.performAs(UbicarseEn.java:31)&#13;
com.prueba.certificacion.stepdefinitions.ConsultarTarifasStepDefinition.ingresoAlMenuTarifario(ConsultarTarifasStepDefinition.java:39)&#13;
cucumber.runner.Runner.runPickle(Runner.java:80)&#13;
</system-err></testcase></testsuite>