<?xml version="1.0" encoding="UTF-8"?><testsuite errors="1" failures="0" name=": Consultar tarifas de Cuentas de Depósitos" skipped="0" tests="1" time="9.51" timestamp="2021-04-19 04:33:10"><testcase name="Consulta exitosa del saldo promedio mensual por debajo del mínimo de una cuenta Corriente"><error type="java.lang.NullPointerException"/><system-err>null&#13;
org.apache.commons.lang3.SystemUtils.isJavaVersionAtLeast(SystemUtils.java:1654)&#13;
org.apache.commons.lang3.ClassUtils.isAssignable(ClassUtils.java:760)&#13;
com.prueba.certificacion.tasks.IngresarAl.menu(IngresarAl.java:29)&#13;
com.prueba.certificacion.stepdefinitions.ConsultarTarifasStepDefinition.ingresoAlMenuTarifario(ConsultarTarifasStepDefinition.java:35)&#13;
✽.Ingreso al menu tarifario(src/test/resources/features/tarifario.feature:9)&#13;
</system-err></testcase></testsuite>